Log file open, 04/17/18 15:37:01
LogWindows: Failed to load 'aqProf.dll' (GetLastError=126)
LogWindows: File 'aqProf.dll' does not exist
LogWindows: Failed to load 'VSPerf140.dll' (GetLastError=126)
LogWindows: File 'VSPerf140.dll' does not exist
LogWindows: Failed to load 'VtuneApi.dll' (GetLastError=126)
LogWindows: File 'VtuneApi.dll' does not exist
LogWindows: Failed to load 'VtuneApi32e.dll' (GetLastError=126)
LogWindows: File 'VtuneApi32e.dll' does not exist
LogInit: Display: Running engine for game: ShowdownVRDemo
LogPlatformFile: Not using cached read wrapper
LogInit: Display: RandInit(-1866460237) SRandInit(-1866460237).
LogInit: Read version file with build ID '3709383'
LogInit: Overriding engine version to CL 3832480, compatible CL 3709383
LogInit: Registered custom module enumerator with build ID '3709383'
LogTaskGraph: Started task graph with 5 named threads and 14 total threads with 3 sets of task threads.
LogStats: Stats thread started at 0.834895
LogD3D11RHI: Aftermath initialized
LogModuleManager: Display: Found up-to-date module file ../../../Engine/Plugins/2D/Paper2D/Binaries/Win64/UE4Editor-Paper2D.dll (API version 3709383).
LogModuleManager: Display: Found up-to-date module file ../../../Engine/Plugins/2D/Paper2D/Binaries/Win64/UE4Editor-Paper2DEditor.dll (API version 3709383).
LogModuleManager: Display: Found up-to-date module file ../../../Engine/Plugins/2D/Paper2D/Binaries/Win64/UE4Editor-PaperSpriteSheetImporter.dll (API version 3709383).
LogModuleManager: Display: Found up-to-date module file ../../../Engine/Plugins/2D/Paper2D/Binaries/Win64/UE4Editor-PaperTiledImporter.dll (API version 3709383).
LogModuleManager: Display: Found up-to-date module file ../../../Engine/Plugins/2D/Paper2D/Binaries/Win64/UE4Editor-SmartSnapping.dll (API version 3709383).
LogModuleManager: Display: Found up-to-date module file ../../../Engine/Plugins/Blendables/LightPropagationVolume/Binaries/Win64/UE4Editor-LightPropagationVolumeRuntime.dll (API version 3709383).
LogModuleManager: Display: Found up-to-date module file ../../../Engine/Plugins/Blendables/LightPropagationVolume/Binaries/Win64/UE4Editor-LightPropagationVolumeEditor.dll (API version 3709383).
LogModuleManager: Display: Found up-to-date module file ../../../Engine/Plugins/Developer/GitSourceControl/Binaries/Win64/UE4Editor-GitSourceControl.dll (API version 3709383).
LogModuleManager: Display: Found up-to-date module file ../../../Engine/Plugins/Developer/PerforceSourceControl/Binaries/Win64/UE4Editor-PerforceSourceControl.dll (API version 3709383).
LogModuleManager: Display: Found up-to-date module file ../../../Engine/Plugins/Developer/SubversionSourceControl/Binaries/Win64/UE4Editor-SubversionSourceControl.dll (API version 3709383).
LogModuleManager: Display: Found up-to-date module file ../../../Engine/Plugins/Developer/UObjectPlugin/Binaries/Win64/UE4Editor-UObjectPlugin.dll (API version 3709383).
LogModuleManager: Display: Found up-to-date module file ../../../Engine/Plugins/Developer/VisualStudioCodeSourceCodeAccess/Binaries/Win64/UE4Editor-VisualStudioCodeSourceCodeAccess.dll (API version 3709383).
LogModuleManager: Display: Found up-to-date module file ../../../Engine/Plugins/Developer/VisualStudioSourceCodeAccess/Binaries/Win64/UE4Editor-VisualStudioSourceCodeAccess.dll (API version 3709383).
LogModuleManager: Display: Found up-to-date module file ../../../Engine/Plugins/Editor/AssetManagerEditor/Binaries/Win64/UE4Editor-AssetManagerEditor.dll (API version 3709383).
LogModuleManager: Display: Found up-to-date module file ../../../Engine/Plugins/Editor/AudioCapture/Binaries/Win64/UE4Editor-AudioCapture.dll (API version 3709383).
LogModuleManager: Display: Found up-to-date module file ../../../Engine/Plugins/Editor/FacialAnimation/Binaries/Win64/UE4Editor-FacialAnimation.dll (API version 3709383).
LogModuleManager: Display: Found up-to-date module file ../../../Engine/Plugins/Editor/FacialAnimation/Binaries/Win64/UE4Editor-FacialAnimationEditor.dll (API version 3709383).
LogModuleManager: Display: Found up-to-date module file ../../../Engine/Plugins/Editor/GameplayTagsEditor/Binaries/Win64/UE4Editor-GameplayTagsEditor.dll (API version 3709383).
LogModuleManager: Display: Found up-to-date module file ../../../Engine/Plugins/Editor/MobileLauncherProfileWizard/Binaries/Win64/UE4Editor-MobileLauncherProfileWizard.dll (API version 3709383).
LogModuleManager: Display: Found up-to-date module file ../../../Engine/Plugins/Editor/PluginBrowser/Binaries/Win64/UE4Editor-PluginBrowser.dll (API version 3709383).
LogModuleManager: Display: Found up-to-date module file ../../../Engine/Plugins/Editor/SpeedTreeImporter/Binaries/Win64/UE4Editor-SpeedTreeImporter.dll (API version 3709383).
LogModuleManager: Display: Found up-to-date module file ../../../Engine/Plugins/Experimental/AlembicImporter/Binaries/Win64/UE4Editor-AlembicImporter.dll (API version 3709383).
LogModuleManager: Display: Found up-to-date module file ../../../Engine/Plugins/Experimental/AlembicImporter/Binaries/Win64/UE4Editor-AlembicLibrary.dll (API version 3709383).
LogModuleManager: Display: Found up-to-date module file ../../../Engine/Plugins/Experimental/CharacterAI/Binaries/Win64/UE4Editor-CharacterAI.dll (API version 3709383).
LogModuleManager: Display: Found up-to-date module file ../../../Engine/Plugins/Experimental/HTML5Networking/Binaries/Win64/UE4Editor-HTML5Networking.dll (API version 3709383).
LogModuleManager: Display: Found up-to-date module file ../../../Engine/Plugins/Media/AndroidMedia/Binaries/Win64/UE4Editor-AndroidMediaEditor.dll (API version 3709383).
LogModuleManager: Display: Found up-to-date module file ../../../Engine/Plugins/Media/AndroidMedia/Binaries/Win64/UE4Editor-AndroidMediaFactory.dll (API version 3709383).
LogModuleManager: Display: Found up-to-date module file ../../../Engine/Plugins/Media/AvfMedia/Binaries/Win64/UE4Editor-AvfMediaEditor.dll (API version 3709383).
LogModuleManager: Display: Found up-to-date module file ../../../Engine/Plugins/Media/AvfMedia/Binaries/Win64/UE4Editor-AvfMediaFactory.dll (API version 3709383).
LogModuleManager: Display: Found up-to-date module file ../../../Engine/Plugins/Media/AvfMedia/Binaries/Win64/UE4Editor-AvfMediaFactory.dll (API version 3709383).
LogModuleManager: Display: Found up-to-date module file ../../../Engine/Plugins/Media/ImgMedia/Binaries/Win64/UE4Editor-ImgMedia.dll (API version 3709383).
LogModuleManager: Display: Found up-to-date module file ../../../Engine/Plugins/Media/ImgMedia/Binaries/Win64/UE4Editor-ImgMediaEditor.dll (API version 3709383).
LogModuleManager: Display: Found up-to-date module file ../../../Engine/Plugins/Media/ImgMedia/Binaries/Win64/UE4Editor-ImgMediaFactory.dll (API version 3709383).
LogModuleManager: Display: Found up-to-date module file ../../../Engine/Plugins/Media/ImgMedia/Binaries/Win64/UE4Editor-ImgMediaFactory.dll (API version 3709383).
LogModuleManager: Display: Found up-to-date module file ../../../Engine/Plugins/Media/ImgMedia/Binaries/Win64/UE4Editor-OpenExrWrapper.dll (API version 3709383).
LogModuleManager: Display: Found up-to-date module file ../../../Engine/Plugins/Media/MediaCompositing/Binaries/Win64/UE4Editor-MediaCompositing.dll (API version 3709383).
LogModuleManager: Display: Found up-to-date module file ../../../Engine/Plugins/Media/MediaCompositing/Binaries/Win64/UE4Editor-MediaCompositingEditor.dll (API version 3709383).
LogModuleManager: Display: Found up-to-date module file ../../../Engine/Plugins/Media/MediaPlayerEditor/Binaries/Win64/UE4Editor-MediaPlayerEditor.dll (API version 3709383).
LogModuleManager: Display: Found up-to-date module file ../../../Engine/Plugins/Media/WmfMedia/Binaries/Win64/UE4Editor-WmfMedia.dll (API version 3709383).
LogModuleManager: Display: Found up-to-date module file ../../../Engine/Plugins/Media/WmfMedia/Binaries/Win64/UE4Editor-WmfMediaEditor.dll (API version 3709383).
LogModuleManager: Display: Found up-to-date module file ../../../Engine/Plugins/Media/WmfMedia/Binaries/Win64/UE4Editor-WmfMediaFactory.dll (API version 3709383).
LogModuleManager: Display: Found up-to-date module file ../../../Engine/Plugins/Media/WmfMedia/Binaries/Win64/UE4Editor-WmfMediaFactory.dll (API version 3709383).
LogModuleManager: Display: Found up-to-date module file ../../../Engine/Plugins/Messaging/TcpMessaging/Binaries/Win64/UE4Editor-TcpMessaging.dll (API version 3709383).
LogModuleManager: Display: Found up-to-date module file ../../../Engine/Plugins/Messaging/UdpMessaging/Binaries/Win64/UE4Editor-UdpMessaging.dll (API version 3709383).
LogModuleManager: Display: Found up-to-date module file ../../../Engine/Plugins/MovieScene/ActorSequence/Binaries/Win64/UE4Editor-ActorSequence.dll (API version 3709383).
LogModuleManager: Display: Found up-to-date module file ../../../Engine/Plugins/MovieScene/LevelSequenceEditor/Binaries/Win64/UE4Editor-LevelSequenceEditor.dll (API version 3709383).
LogModuleManager: Display: Found up-to-date module file ../../../Engine/Plugins/MovieScene/MatineeToLevelSequence/Binaries/Win64/UE4Editor-MatineeToLevelSequence.dll (API version 3709383).
LogModuleManager: Display: Found up-to-date module file ../../../Engine/Plugins/Online/OnlineSubsystem/Binaries/Win64/UE4Editor-OnlineSubsystem.dll (API version 3709383).
LogModuleManager: Display: Found up-to-date module file ../../../Engine/Plugins/Runtime/AndroidPermission/Binaries/Win64/UE4Editor-AndroidPermission.dll (API version 3709383).
LogModuleManager: Display: Found up-to-date module file ../../../Engine/Plugins/Online/OnlineSubsystemNull/Binaries/Win64/UE4Editor-OnlineSubsystemNull.dll (API version 3709383).
LogModuleManager: Display: Found up-to-date module file ../../../Engine/Plugins/Online/OnlineSubsystemUtils/Binaries/Win64/UE4Editor-OnlineSubsystemUtils.dll (API version 3709383).
LogModuleManager: Display: Found up-to-date module file ../../../Engine/Plugins/Online/OnlineSubsystemUtils/Binaries/Win64/UE4Editor-OnlineBlueprintSupport.dll (API version 3709383).
LogModuleManager: Display: Found up-to-date module file ../../../Engine/Plugins/Runtime/AndroidDeviceProfileSelector/Binaries/Win64/UE4Editor-AndroidDeviceProfileSelector.dll (API version 3709383).
LogModuleManager: Display: Found up-to-date module file ../../../Engine/Plugins/Runtime/AppleARKit/Binaries/Win64/UE4Editor-AppleARKit.dll (API version 3709383).
LogModuleManager: Display: Found up-to-date module file ../../../Engine/Plugins/Runtime/ArchVisCharacter/Binaries/Win64/UE4Editor-ArchVisCharacter.dll (API version 3709383).
LogModuleManager: Display: Found up-to-date module file ../../../Engine/Plugins/Runtime/CableComponent/Binaries/Win64/UE4Editor-CableComponent.dll (API version 3709383).
LogModuleManager: Display: Found up-to-date module file ../../../Engine/Plugins/Runtime/CustomMeshComponent/Binaries/Win64/UE4Editor-CustomMeshComponent.dll (API version 3709383).
LogModuleManager: Display: Found up-to-date module file ../../../Engine/Plugins/Runtime/ExampleDeviceProfileSelector/Binaries/Win64/UE4Editor-ExampleDeviceProfileSelector.dll (API version 3709383).
LogModuleManager: Display: Found up-to-date module file ../../../Engine/Plugins/Runtime/ImmediatePhysics/Binaries/Win64/UE4Editor-ImmediatePhysics.dll (API version 3709383).
LogModuleManager: Display: Found up-to-date module file ../../../Engine/Plugins/Runtime/ImmediatePhysics/Binaries/Win64/UE4Editor-ImmediatePhysicsEditor.dll (API version 3709383).
LogModuleManager: Display: Found up-to-date module file ../../../Engine/Plugins/Runtime/LocationServicesBPLibrary/Binaries/Win64/UE4Editor-LocationServicesBPLibrary.dll (API version 3709383).
LogModuleManager: Display: Found up-to-date module file ../../../Engine/Plugins/Runtime/MobilePatchingUtils/Binaries/Win64/UE4Editor-MobilePatchingUtils.dll (API version 3709383).
LogModuleManager: Display: Found up-to-date module file ../../../Engine/Plugins/Runtime/Oculus/OculusVR/Binaries/Win64/UE4Editor-OculusHMD.dll (API version 3709383).
LogModuleManager: Display: Found up-to-date module file ../../../Engine/Plugins/Runtime/Oculus/OculusVR/Binaries/Win64/UE4Editor-OculusInput.dll (API version 3709383).
LogModuleManager: Display: Found up-to-date module file ../../../Engine/Plugins/Runtime/Oculus/OculusVR/Binaries/Win64/UE4Editor-OculusEditor.dll (API version 3709383).
LogModuleManager: Display: Found up-to-date module file ../../../Engine/Plugins/Runtime/PhysXVehicles/Binaries/Win64/UE4Editor-PhysXVehicles.dll (API version 3709383).
LogModuleManager: Display: Found up-to-date module file ../../../Engine/Plugins/Runtime/PhysXVehicles/Binaries/Win64/UE4Editor-PhysXVehiclesEditor.dll (API version 3709383).
LogModuleManager: Display: Found up-to-date module file ../../../Engine/Plugins/Runtime/ProceduralMeshComponent/Binaries/Win64/UE4Editor-ProceduralMeshComponent.dll (API version 3709383).
LogModuleManager: Display: Found up-to-date module file ../../../Engine/Plugins/Runtime/ProceduralMeshComponent/Binaries/Win64/UE4Editor-ProceduralMeshComponentEditor.dll (API version 3709383).
LogModuleManager: Display: Found up-to-date module file ../../../Engine/Plugins/Runtime/RuntimePhysXCooking/Binaries/Win64/UE4Editor-RuntimePhysXCooking.dll (API version 3709383).
LogModuleManager: Display: Found up-to-date module file ../../../Engine/Plugins/Runtime/Steam/SteamVR/Binaries/Win64/UE4Editor-SteamVR.dll (API version 3709383).
LogModuleManager: Display: Found up-to-date module file ../../../Engine/Plugins/Runtime/Steam/SteamVR/Binaries/Win64/UE4Editor-SteamVRController.dll (API version 3709383).
LogModuleManager: Display: Found up-to-date module file ../../../Engine/Plugins/Runtime/WindowsMoviePlayer/Binaries/Win64/UE4Editor-WindowsMoviePlayer.dll (API version 3709383).
LogPluginManager: Mounting plugin Paper2D
LogPluginManager: Mounting plugin LightPropagationVolume
LogPluginManager: Mounting plugin CodeLiteSourceCodeAccess
LogPluginManager: Mounting plugin GitSourceControl
LogPluginManager: Mounting plugin KDevelopSourceCodeAccess
LogPluginManager: Mounting plugin NullSourceCodeAccess
LogPluginManager: Mounting plugin PerforceSourceControl
LogPluginManager: Mounting plugin SubversionSourceControl
LogPluginManager: Mounting plugin UObjectPlugin
LogPluginManager: Mounting plugin VisualStudioCodeSourceCodeAccess
LogPluginManager: Mounting plugin VisualStudioSourceCodeAccess
LogPluginManager: Mounting plugin XCodeSourceCodeAccess
LogPluginManager: Mounting plugin AssetManagerEditor
LogPluginManager: Mounting plugin AudioCapture
LogPluginManager: Mounting plugin FacialAnimation
LogPluginManager: Mounting plugin GameplayTagsEditor
LogPluginManager: Mounting plugin MobileLauncherProfileWizard
LogPluginManager: Mounting plugin PluginBrowser
LogPluginManager: Mounting plugin SpeedTreeImporter
LogPluginManager: Mounting plugin AlembicImporter
LogPluginManager: Mounting plugin CharacterAI
LogPluginManager: Mounting plugin HTML5Networking
LogPluginManager: Mounting plugin AndroidMedia
LogPluginManager: Mounting plugin AvfMedia
LogPluginManager: Mounting plugin ImgMedia
LogPluginManager: Mounting plugin MediaCompositing
LogPluginManager: Mounting plugin MediaPlayerEditor
LogPluginManager: Mounting plugin WmfMedia
LogPluginManager: Mounting plugin TcpMessaging
LogPluginManager: Mounting plugin UdpMessaging
LogPluginManager: Mounting plugin ActorSequence
LogPluginManager: Mounting plugin LevelSequenceEditor
LogPluginManager: Mounting plugin MatineeToLevelSequence
LogPluginManager: Mounting plugin OnlineSubsystemGooglePlay
LogPluginManager: Mounting plugin OnlineSubsystemIOS
LogPluginManager: Mounting plugin OnlineSubsystem
LogPluginManager: Mounting plugin OnlineSubsystemNull
LogPluginManager: Mounting plugin OnlineSubsystemUtils
LogPluginManager: Mounting plugin AndroidDeviceProfileSelector
LogPluginManager: Mounting plugin AndroidMoviePlayer
LogPluginManager: Mounting plugin AndroidPermission
LogPluginManager: Mounting plugin AppleARKit
LogPluginManager: Mounting plugin AppleMoviePlayer
LogPluginManager: Mounting plugin ArchVisCharacter
LogPluginManager: Mounting plugin CableComponent
LogPluginManager: Mounting plugin CustomMeshComponent
LogPluginManager: Mounting plugin ExampleDeviceProfileSelector
LogPluginManager: Mounting plugin GoogleCloudMessaging
LogPluginManager: Mounting plugin ImmediatePhysics
LogPluginManager: Mounting plugin IOSDeviceProfileSelector
LogPluginManager: Mounting plugin LinuxDeviceProfileSelector
LogPluginManager: Mounting plugin LocationServicesBPLibrary
LogPluginManager: Mounting plugin MobilePatchingUtils
LogPluginManager: Mounting plugin OculusVR
LogPluginManager: Plugin shader directory ../../../Engine/Plugins/Runtime/Oculus/OculusVR/Shaders found
LogPluginManager: Mapping shader source directory ../../../Engine/Plugins/Runtime/Oculus/OculusVR/Shaders to virtual directory /Plugin/OculusVR
LogPluginManager: Mounting plugin PhysXVehicles
LogPluginManager: Mounting plugin ProceduralMeshComponent
LogPluginManager: Mounting plugin RuntimePhysXCooking
LogPluginManager: Mounting plugin SteamVR
LogPluginManager: Mounting plugin WindowsMoviePlayer
LogInit: Using libcurl 7.47.1
LogInit:  - built for x86_64-pc-win32
LogInit:  - supports SSL with OpenSSL/1.0.2g
LogInit:  - supports HTTP deflate (compression) using libz 1.2.8
LogInit:  - other features:
LogInit:      CURL_VERSION_SSL
LogInit:      CURL_VERSION_LIBZ
LogInit:      CURL_VERSION_IPV6
LogInit:      CURL_VERSION_ASYNCHDNS
LogInit:      CURL_VERSION_LARGEFILE
LogInit:      CURL_VERSION_IDN
LogInit:  CurlRequestOptions (configurable via config and command line):
LogInit:  - bVerifyPeer = false  - Libcurl will NOT verify peer certificate
LogInit:  - bUseHttpProxy = false  - Libcurl will NOT use HTTP proxy
LogInit:  - bDontReuseConnections = false  - Libcurl will reuse connections
LogInit:  - CertBundlePath = nullptr  - Libcurl will use whatever was configured at build time.
LogInit: Build: ++UE4+Release-4.18-CL-3832480
LogInit: Engine Version: 4.18.3-3832480+++UE4+Release-4.18
LogInit: Compatible Engine Version: 4.18.0-3709383+++UE4+Release-4.18
LogInit: Net CL: 3709383
LogDevObjectVersion: Number of dev versions registered: 16
LogDevObjectVersion:   Dev-Blueprints (B0D832E4-1F89-4F0D-ACCF-7EB736FD4AA2): 10
LogDevObjectVersion:   Dev-Build (E1C64328-A22C-4D53-A36C-8E866417BD8C): 0
LogDevObjectVersion:   Dev-Core (375EC13C-06E4-48FB-B500-84F0262A717E): 2
LogDevObjectVersion:   Dev-Editor (E4B068ED-F494-42E9-A231-DA0B2E46BB41): 20
LogDevObjectVersion:   Dev-Framework (CFFC743F-43B0-4480-9391-14DF171D2073): 30
LogDevObjectVersion:   Dev-Mobile (B02B49B5-BB20-44E9-A304-32B752E40360): 0
LogDevObjectVersion:   Dev-Networking (A4E4105C-59A1-49B5-A7C5-40C4547EDFEE): 0
LogDevObjectVersion:   Dev-Online (39C831C9-5AE6-47DC-9A44-9C173E1C8E7C): 0
LogDevObjectVersion:   Dev-Physics (78F01B33-EBEA-4F98-B9B4-84EACCB95AA2): 0
LogDevObjectVersion:   Dev-Platform (6631380F-2D4D-43E0-8009-CF276956A95A): 0
LogDevObjectVersion:   Dev-Rendering (12F88B9F-8875-4AFC-A67C-D90C383ABD29): 20
LogDevObjectVersion:   Dev-Sequencer (7B5AE74C-D270-4C10-A958-57980B212A5A): 4
LogDevObjectVersion:   Dev-VR (D7296918-1DD6-4BDD-9DE2-64A83CC13884): 0
LogDevObjectVersion:   Dev-LoadTimes (C2A15278-BFE7-4AFE-6C17-90FF531DF755): 1
LogDevObjectVersion:   Private-Geometry (6EACA3D4-40EC-4CC1-B786-8BED09428FC5): 1
LogDevObjectVersion:   Dev-AnimPhys (29E575DD-E0A3-4627-9D10-D276232CDCEA): 12
LogInit: Compiled (64-bit): Jan 12 2018 02:04:55
LogInit: Compiled with Visual C++: 19.00.24215.01
LogInit: Build Configuration: Development
LogInit: Branch Name: ++UE4+Release-4.18
LogInit: Command line:  
LogInit: Base directory: C:/Program Files/Epic Games/UE_4.18/Engine/Binaries/Win64/
LogInit: Installed Engine Build: 1
LogInit: Presizing for max 8388607 objects, including 0 objects not considered by GC, pre-allocating 0 bytes for permanent pool.
LogInit: Object subsystem initialized
[2018.04.17-21.37.03:988][  0]LogInit: Selected Device Profile: [Windows]
[2018.04.17-21.37.03:988][  0]LogInit: Applying CVar settings loaded from the selected device profile: [Windows]
[2018.04.17-21.37.04:387][  0]LogInit: Computer: LAPTOP-TKR5OE9S
[2018.04.17-21.37.04:387][  0]LogInit: User: jdrag
[2018.04.17-21.37.04:387][  0]LogInit: CPU Page size=4096, Cores=4
[2018.04.17-21.37.04:387][  0]LogInit: High frequency timer resolution =2.742184 MHz
[2018.04.17-21.37.04:388][  0]LogMemory: Memory total: Physical=15.9GB (16GB approx)
[2018.04.17-21.37.04:388][  0]LogMemory: Platform Memory Stats for Windows
[2018.04.17-21.37.04:388][  0]LogMemory: Process Physical Memory: 274.96 MB used, 274.96 MB peak
[2018.04.17-21.37.04:388][  0]LogMemory: Process Virtual Memory: 272.01 MB used, 272.01 MB peak
[2018.04.17-21.37.04:388][  0]LogMemory: Physical Memory: 7762.04 MB used,  8497.13 MB free, 16259.16 MB total
[2018.04.17-21.37.04:388][  0]LogMemory: Virtual Memory: 707.62 MB used,  8497.13 MB free, 134217728.00 MB total
[2018.04.17-21.37.05:602][  0]LogInit: Using OS detected language (en-US).
[2018.04.17-21.37.05:602][  0]LogInit: Using OS detected locale (en-US).
[2018.04.17-21.37.05:629][  0]LogTextLocalizationManager: No specific localization for 'en-US' exists, so the 'en' localization will be used.
[2018.04.17-21.37.06:079][  0]LogInit: Setting process to per monitor DPI aware
[2018.04.17-21.37.08:819][  0]LogD3D11RHI: D3D11 adapters:
[2018.04.17-21.37.09:387][  0]LogD3D11RHI:    0. 'NVIDIA GeForce GTX 1050 Ti' (Feature Level 11_0)
[2018.04.17-21.37.09:387][  0]LogD3D11RHI:       4021/0/8129 MB DedicatedVideo/DedicatedSystem/SharedSystem, Outputs:1, VendorId:0x10de
[2018.04.17-21.37.09:400][  0]LogD3D11RHI:    1. 'Intel(R) HD Graphics 630' (Feature Level 11_0)
[2018.04.17-21.37.09:400][  0]LogD3D11RHI:       128/0/8129 MB DedicatedVideo/DedicatedSystem/SharedSystem, Outputs:0, VendorId:0x8086
[2018.04.17-21.37.09:403][  0]LogD3D11RHI:    2. 'Microsoft Basic Render Driver' (Feature Level 11_0)
[2018.04.17-21.37.09:404][  0]LogD3D11RHI:       0/0/8129 MB DedicatedVideo/DedicatedSystem/SharedSystem, Outputs:0, VendorId:0x1414
[2018.04.17-21.37.09:404][  0]LogD3D11RHI: Chosen D3D11 Adapter: 0
[2018.04.17-21.37.09:411][  0]LogD3D11RHI: Creating new Direct3DDevice
[2018.04.17-21.37.09:411][  0]LogD3D11RHI:     GPU DeviceId: 0x1c8c (for the marketing name, search the web for "GPU Device Id")
[2018.04.17-21.37.09:411][  0]LogWindows: EnumDisplayDevices:
[2018.04.17-21.37.09:411][  0]LogWindows:    0. 'Intel(R) HD Graphics 630' (P:1 D:1)
[2018.04.17-21.37.09:411][  0]LogWindows:    1. 'Intel(R) HD Graphics 630' (P:0 D:0)
[2018.04.17-21.37.09:411][  0]LogWindows:    2. 'Intel(R) HD Graphics 630' (P:0 D:0)
[2018.04.17-21.37.09:412][  0]LogWindows: DebugString: GetVideoDriverDetailsInvalid PrimaryIsNotTheChoosenAdapter GetVideoDriverDetailsInvalid PrimaryIsNotTheChoosenAdapter GetVideoDriverDetailsInvalid PrimaryIsNotTheChoosenAdapter FoundDriverCount:0 
[2018.04.17-21.37.09:412][  0]LogD3D11RHI:     Adapter Name: NVIDIA GeForce GTX 1050 Ti
[2018.04.17-21.37.09:412][  0]LogD3D11RHI:   Driver Version: Unknown (internal:Unknown, unified:Unknown)
[2018.04.17-21.37.09:412][  0]LogD3D11RHI:      Driver Date: Unknown
[2018.04.17-21.37.09:412][  0]LogRHI: Texture pool is 2814 MB (70% of 4021 MB)
[2018.04.17-21.37.09:493][  0]LogD3D11RHI: Async texture creation enabled
[2018.04.17-21.37.09:690][  0]LogD3D11RHI: GPU Timing Frequency: 1000.000000 (Debug: 2 2)
[2018.04.17-21.37.09:700][  0]LogShaderCompilers: Guid format shader working directory is 29 characters bigger than the processId version (E:/Machinima/00Z/Intermediate/Shaders/WorkingDirectory/13252/).
[2018.04.17-21.37.09:700][  0]LogShaderCompilers: Cleaned the shader compiler working directory 'C:/Users/jdrag/AppData/Local/Temp/UnrealShaderWorkingDir/18D3BB074637D21EDA57099AC0AF6AA7/'.
[2018.04.17-21.37.09:702][  0]LogShaderCompilers: Display: Using Local Shader Compiler.
[2018.04.17-21.37.14:578][  0]LogTemp: Display: Loaded TP AllDesktopTargetPlatform
[2018.04.17-21.37.14:665][  0]LogTemp: Display: Loaded TP MacClientTargetPlatform
[2018.04.17-21.37.14:754][  0]LogTemp: Display: Loaded TP MacNoEditorTargetPlatform
[2018.04.17-21.37.14:843][  0]LogTemp: Display: Loaded TP MacServerTargetPlatform
[2018.04.17-21.37.14:940][  0]LogTemp: Display: Loaded TP MacTargetPlatform
[2018.04.17-21.37.15:030][  0]LogTemp: Display: Loaded TP WindowsClientTargetPlatform
[2018.04.17-21.37.15:119][  0]LogTemp: Display: Loaded TP WindowsNoEditorTargetPlatform
[2018.04.17-21.37.15:208][  0]LogTemp: Display: Loaded TP WindowsServerTargetPlatform
[2018.04.17-21.37.15:292][  0]LogTemp: Display: Loaded TP WindowsTargetPlatform
[2018.04.17-21.37.15:381][  0]LogTemp: Display: Loaded TP Android_ASTCTargetPlatform
[2018.04.17-21.37.15:472][  0]LogTemp: Display: Loaded TP Android_ATCTargetPlatform
[2018.04.17-21.37.15:561][  0]LogTemp: Display: Loaded TP Android_DXTTargetPlatform
[2018.04.17-21.37.15:650][  0]LogTemp: Display: Loaded TP Android_ETC1TargetPlatform
[2018.04.17-21.37.15:737][  0]LogTemp: Display: Loaded TP Android_ETC2TargetPlatform
[2018.04.17-21.37.15:918][  0]LogTemp: Display: Loaded TP Android_MultiTargetPlatform
[2018.04.17-21.37.15:918][  0]LogTemp: Display: Loaded TP Android_PVRTCTargetPlatform
[2018.04.17-21.37.16:012][  0]LogTemp: Display: Loaded TP AndroidTargetPlatform
[2018.04.17-21.37.16:091][  0]LogTemp: Display: Loaded TP HTML5TargetPlatform
[2018.04.17-21.37.16:237][  0]LogTemp: Display: Loaded TP IOSTargetPlatform
[2018.04.17-21.37.16:266][  0]LogTemp: Display: Loaded TP TVOSTargetPlatform
[2018.04.17-21.37.16:357][  0]LogTemp: Display: Loaded TP LinuxClientTargetPlatform
[2018.04.17-21.37.16:443][  0]LogTemp: Display: Loaded TP LinuxNoEditorTargetPlatform
[2018.04.17-21.37.16:533][  0]LogTemp: Display: Loaded TP LinuxServerTargetPlatform
[2018.04.17-21.37.16:626][  0]LogTemp: Display: Loaded TP LinuxTargetPlatform
[2018.04.17-21.37.16:626][  0]LogTargetPlatformManager: Display: Building Assets For Windows
[2018.04.17-21.37.17:471][  0]LogDerivedDataCache: Display: Max Cache Size: 512 MB
[2018.04.17-21.37.17:899][  0]LogDerivedDataCache: Loaded boot cache 0.43s 77MB C:/Users/jdrag/AppData/Local/UnrealEngine/4.18/DerivedDataCache/Boot.ddc.
[2018.04.17-21.37.17:900][  0]LogDerivedDataCache: Display: Loaded Boot cache: C:/Users/jdrag/AppData/Local/UnrealEngine/4.18/DerivedDataCache/Boot.ddc
[2018.04.17-21.37.17:900][  0]LogDerivedDataCache: FDerivedDataBackendGraph:  Pak pak cache file E:/Machinima/00Z/DerivedDataCache/DDC.ddp not found, will not use a pak cache.
[2018.04.17-21.37.17:900][  0]LogDerivedDataCache: Unable to find inner node Pak for hierarchical cache Hierarchy.
[2018.04.17-21.37.17:900][  0]LogDerivedDataCache: FDerivedDataBackendGraph:  CompressedPak pak cache file E:/Machinima/00Z/DerivedDataCache/Compressed.ddp not found, will not use a pak cache.
[2018.04.17-21.37.17:900][  0]LogDerivedDataCache: Unable to find inner node CompressedPak for hierarchical cache Hierarchy.
[2018.04.17-21.37.17:960][  0]LogDerivedDataCache: Display: Pak cache opened for reading ../../../Engine/DerivedDataCache/Compressed.ddp.
[2018.04.17-21.37.17:977][  0]LogDerivedDataCache: Using Local data cache path C:/Users/jdrag/AppData/Local/UnrealEngine/Common/DerivedDataCache: Writable
[2018.04.17-21.37.17:999][  0]LogMaterial: Verifying Global Shaders for PCD3D_SM5
[2018.04.17-21.37.18:005][  0]LogSlate: Using Freetype 2.6.0
[2018.04.17-21.37.18:018][  0]LogSlate: SlateFontCache - WITH_FREETYPE: 1, WITH_HARFBUZZ: 1
[2018.04.17-21.37.18:018][  0]LogSlate: SlateFontCache - WITH_FREETYPE: 1, WITH_HARFBUZZ: 1
[2018.04.17-21.37.19:136][  0]LogInit: Selected Device Profile: [Windows]
[2018.04.17-21.37.20:105][  0]LogSimplygon: Simplygon DLL not present - disabling.
[2018.04.17-21.37.20:188][  0]LogMeshReduction: Using SimplygonSwarm for distributed automatic mesh merging
[2018.04.17-21.37.20:189][  0]LogMeshReduction: Using QuadricMeshReduction for automatic static mesh reduction
[2018.04.17-21.37.20:189][  0]LogMeshReduction: No automatic skeletal mesh reduction module available
[2018.04.17-21.37.20:189][  0]LogMeshReduction: No automatic mesh merging module available
[2018.04.17-21.37.20:189][  0]LogMeshMerging: No automatic mesh merging module available
[2018.04.17-21.37.20:263][  0]LogNetVersion: ShowdownVRDemo , NetCL: 3709383, EngineNetVer: 2, GameNetVer: 0 (Checksum: 956103352)
[2018.04.17-21.37.20:700][  0]LogAssetRegistry: FAssetRegistry took 0.0356 seconds to start up
[2018.04.17-21.37.21:951][  0]LogPackageLocalizationCache: Processed 7 localized package path(s) for 2 prioritized culture(s) in 0.227743 seconds
[2018.04.17-21.37.21:957][  0]LogUObjectArray: 35870 objects as part of root set at end of initial load.
[2018.04.17-21.37.21:957][  0]LogUObjectAllocator: 7363696 out of 0 bytes used by permanent object pool.
[2018.04.17-21.37.21:957][  0]LogUObjectArray: CloseDisregardForGC: 0/0 objects in disregard for GC pool
[2018.04.17-21.37.22:013][  0]LogInit: WinSock: version 1.1 (2.2), MaxSocks=32767, MaxUdp=65467
[2018.04.17-21.37.32:269][  0]LogTcpMessaging: Initializing TcpMessaging bridge
[2018.04.17-21.37.32:344][  0]LogUdpMessaging: Initializing bridge on interface 0.0.0.0:0 to multicast group 230.0.0.1:6666.
[2018.04.17-21.37.33:802][  0]LogMaterial: Uniform references updated for custom material expression Custom.
[2018.04.17-21.37.35:157][  0]SourceControl: Source control is disabled
[2018.04.17-21.37.35:158][  0]SourceControl: Source control is disabled
[2018.04.17-21.37.35:415][  0]SourceControl: Source control is disabled
[2018.04.17-21.37.35:612][  0]SourceControl: Source control is disabled
[2018.04.17-21.37.37:947][  0]LogAndroidPermission: UAndroidPermissionCallbackProxy::GetInstance
[2018.04.17-21.37.38:569][  0]LogOcInput: OculusInput pre-init called
[2018.04.17-21.37.39:984][  0]LogEngine: Initializing Engine...
[2018.04.17-21.37.39:995][  0]LogHMD: Failed to initialize OpenVR with code 110
[2018.04.17-21.37.40:288][  0]LogStats: UGameplayTagsManager::ConstructGameplayTagTree: Construct from data asset -  0.000 s
[2018.04.17-21.37.40:288][  0]LogStats: UGameplayTagsManager::ConstructGameplayTagTree: GameplayTagTreeChangedEvent.Broadcast -  0.000 s
[2018.04.17-21.37.40:540][  0]LogAIModule: Creating AISystem for world Untitled
[2018.04.17-21.37.40:558][  0]LogInit: XAudio2 using 'Speakers (Realtek High Definition Audio)' : 2 channels at 48 kHz using 32 bits per sample (channel mask 0x3)
[2018.04.17-21.37.40:849][  0]LogInit: FAudioDevice initialized.
[2018.04.17-21.37.40:981][  0]LogDerivedDataCache: Saved boot cache 0.13s 77MB C:/Users/jdrag/AppData/Local/UnrealEngine/4.18/DerivedDataCache/Boot.ddc.
[2018.04.17-21.37.40:994][  0]LogInit: Texture streaming: Enabled
[2018.04.17-21.37.41:230][  0]LogEngineSessionManager: EngineSessionManager initialized
[2018.04.17-21.37.42:313][  0]LogInit: Transaction tracking system initialized
[2018.04.17-21.37.44:120][  0]BlueprintLog: New page: Editor Load
[2018.04.17-21.37.47:354][  0]LocalizationService: Localization service is disabled
[2018.04.17-21.37.49:043][  0]LogConsoleResponse: Display: 
[2018.04.17-21.37.49:636][  0]LogCook: Display: Max memory allowance for cook 16384mb min free memory 0mb
[2018.04.17-21.37.49:636][  0]LogCook: Display: Mobile HDR setting 1
[2018.04.17-21.37.49:636][  0]LogGameplayTags: Display: UGameplayTagsManager::DoneAddingNativeTags. DelegateIsBound: 0
[2018.04.17-21.37.50:663][  0]LogFileCache: Scanning file cache for directory 'E:/Machinima/00Z/Content/' took 0.03s
[2018.04.17-21.37.53:848][  0]SourceControl: Source control is disabled
[2018.04.17-21.37.53:850][  0]Cmd: MAP LOAD FILE="E:/Machinima/00Z/Content/Maps/Showdown_P.umap" TEMPLATE=0 SHOWPROGRESS=1 FEATURELEVEL=3
[2018.04.17-21.37.53:854][  0]LightingResults: New page: Lighting Build
[2018.04.17-21.37.54:046][  0]MapCheck: New page: Map Check
[2018.04.17-21.37.54:046][  0]LightingResults: New page: Lighting Build
[2018.04.17-21.37.54:523][  0]LogAIModule: Creating AISystem for world Showdown_P
[2018.04.17-21.37.54:538][  0]LogStreaming: Display: ULevelStreaming::RequestLevel(/Game/Maps/MatineeMap) is flushing async loading
[2018.04.17-21.38.01:779][  0]LogMaterial: Uniform references updated for custom material expression Custom.
[2018.04.17-21.38.10:254][  0]LogStreaming: Display: ULevelStreaming::RequestLevel(/Game/Maps/EnvironmentMap) is flushing async loading
[2018.04.17-21.38.21:349][  0]LogEditorServer: Finished looking for orphan Actors (0.000 secs)
[2018.04.17-21.38.21:378][  0]Cmd: MAP CHECKDEP NOCLEARLOG
[2018.04.17-21.38.21:379][  0]LogEditorServer: Warning: WorldSettings_1 contains streaming level '/Game/Maps/MatineeMap' which isn't loaded.
[2018.04.17-21.38.21:899][  0]MapCheck: Map check complete: 0 Error(s), 0 Warning(s), took 520.671ms to complete.
[2018.04.17-21.38.21:899][  0]LogFileHelpers: Loading map 'Showdown_P' took 28.050
[2018.04.17-21.38.22:140][  0]LogCollectionManager: Loaded 0 collections in 0.002088 seconds
[2018.04.17-21.38.22:292][  0]LogFileCache: Scanning file cache for directory 'E:/Machinima/00Z/Saved/Collections/' took 0.01s
[2018.04.17-21.38.22:292][  0]LogFileCache: Scanning file cache for directory 'E:/Machinima/00Z/Content/Developers/jdrag/Collections/' took 0.01s
[2018.04.17-21.38.22:292][  0]LogFileCache: Scanning file cache for directory 'E:/Machinima/00Z/Content/Collections/' took 0.01s
[2018.04.17-21.38.22:292][  0]LogCollectionManager: Rebuilt the GUID cache for 0 collections in 0.000000 seconds
[2018.04.17-21.38.22:303][  0]LogContentBrowser: Native class hierarchy populated in 0.0082 seconds. Added 2363 classes and 519 folders.
[2018.04.17-21.38.22:419][  0]LogContentBrowser: Native class hierarchy updated for 'WidgetCarousel' in 0.0002 seconds. Added 0 classes and 0 folders.
[2018.04.17-21.38.22:793][  0]LogContentBrowser: Native class hierarchy updated for 'AddContentDialog' in 0.0002 seconds. Added 0 classes and 0 folders.
[2018.04.17-21.38.22:887][  0]LogContentBrowser: Native class hierarchy updated for 'SceneOutliner' in 0.0003 seconds. Added 1 classes and 2 folders.
[2018.04.17-21.38.23:080][  0]LogSlate: Took 0.008866 seconds to synchronously load lazily loaded font '../../../Engine/Content/Slate/Fonts/Roboto-Regular.ttf' (155K)
[2018.04.17-21.38.23:095][  0]LogSlate: Took 0.007987 seconds to synchronously load lazily loaded font '../../../Engine/Content/Slate/Fonts/Roboto-Bold.ttf' (160K)
[2018.04.17-21.38.23:121][  0]LogSlate: Took 0.008581 seconds to synchronously load lazily loaded font '../../../Engine/Content/Editor/Slate/Fonts/FontAwesome.ttf' (139K)
[2018.04.17-21.38.23:414][  0]LogRenderer: Reallocating scene render targets to support 964x436 Format 26 NumSamples 1 (Frame:1).
[2018.04.17-21.38.23:664][  0]LogContentBrowser: Native class hierarchy updated for 'HierarchicalLODOutliner' in 0.0002 seconds. Added 1 classes and 2 folders.
[2018.04.17-21.38.23:664][  0]LogLoad: (Engine Initialization) Total time: 88.52 seconds
[2018.04.17-21.38.23:664][  0]LogLoad: (Engine Initialization) Total Blueprint compile time: 0.00 seconds
[2018.04.17-21.38.23:664][  0]LogExternalProfiler: No external profilers were discovered.  External profiling features will not be available.
[2018.04.17-21.38.23:708][  0]LogContentStreaming: Texture pool size now 1000 MB
[2018.04.17-21.38.23:769][  1]LogFileCache: Retrieving MD5 hashes for directory 'E:/Machinima/00Z/Content/' took 0.08s
[2018.04.17-21.38.23:788][  1]LogAssetRegistry: Asset discovery search completed in 63.1115 seconds
[2018.04.17-21.38.23:793][  1]LogCollectionManager: Rebuilt the object cache for 0 collections in 0.000000 seconds (found 0 objects)
[2018.04.17-21.38.23:793][  1]LogCollectionManager: Fixed up redirectors for 0 collections in 0.000054 seconds (updated 0 objects)
[2018.04.17-21.38.27:786][208]LogSlate: Took 0.006329 seconds to synchronously load lazily loaded font '../../../Engine/Content/Slate/Fonts/Roboto-Light.ttf' (159K)
[2018.04.17-21.38.48:287][787]LogD3D11RHI: Timed out while waiting for GPU to catch up. (0.5 s)
[2018.04.17-21.38.49:285][794]LogD3D11RHI: Timed out while waiting for GPU to catch up. (0.5 s)
[2018.04.17-21.38.49:789][795]LogD3D11RHI: Timed out while waiting for GPU to catch up. (0.5 s)
[2018.04.17-21.38.58:953][871]Cmd: MAP LOAD FILE="../../../Engine/Content/Maps/Templates/Template_Default.umap" TEMPLATE=1 SHOWPROGRESS=1 FEATURELEVEL=3
[2018.04.17-21.38.58:958][871]LogSlate: Took 0.001317 seconds to synchronously load lazily loaded font '../../../Engine/Content/Slate/Fonts/Roboto-Light.ttf' (159K)
[2018.04.17-21.38.58:969][871]LightingResults: New page: Lighting Build
[2018.04.17-21.38.58:970][871]LoadErrors: New page: Loading map: Template_Default.umap
[2018.04.17-21.38.58:993][871]MapCheck: New page: Map Check
[2018.04.17-21.38.58:993][871]LightingResults: New page: Lighting Build
[2018.04.17-21.38.59:211][871]LogAIModule: Creating AISystem for world Untitled_1
[2018.04.17-21.38.59:225][871]LogEditorServer: Finished looking for orphan Actors (0.000 secs)
[2018.04.17-21.38.59:260][871]Cmd: MAP CHECKDEP NOCLEARLOG
[2018.04.17-21.38.59:748][871]MapCheck: Map check complete: 0 Error(s), 0 Warning(s), took 487.604ms to complete.
[2018.04.17-21.38.59:748][871]LogFileHelpers: Loading map 'Template_Default' took 0.797
[2018.04.17-21.43.19:525][365]LogEditor: Attempting to add actor of class 'CineCameraActor' to level at 55.00,-592.00,280.00
[2018.04.17-21.43.21:146][406]LogEditor: Attempting to add actor of class 'CineCameraActor' to level at 470.00,40.00,25.00
[2018.04.17-21.43.54:532][396]LogEditorViewport: Clicking on Actor (LMB): BP_Sky_Sphere_C (Sky Sphere)
[2018.04.17-21.44.01:123][589]LogEditorViewport: Clicking on Actor (LMB): CineCameraActor (CineCameraActor1)
[2018.04.17-21.44.02:026][613]LogEditorViewport: Clicking on Actor (LMB): PlayerStart (Player Start)
[2018.04.17-21.44.03:990][670]LogNavigationPoint: PostEditMove Clear paths rebuilt
[2018.04.17-21.44.04:607][688]Cmd: DELETE
[2018.04.17-21.44.04:607][688]Cmd: ACTOR DELETE
[2018.04.17-21.44.04:616][688]LogEditorActor: Deleted Actor: PlayerStart
[2018.04.17-21.44.04:661][688]LogEditorActor: Deleted 1 Actors (0.052 secs)
[2018.04.17-21.44.05:388][711]LogEditorViewport: Clicking on Actor (LMB): CineCameraActor (CineCameraActor1)
[2018.04.17-21.45.49:708][918]LogEditorViewport: Clicking on Actor (LMB): SkeletalMeshActor (WayneMichaels_Rigged_PhysicsAsset)
[2018.04.17-21.45.52:150][982]LogSlate: Took 0.002035 seconds to synchronously load lazily loaded font '../../../Engine/Content/Slate/Fonts/Roboto-Light.ttf' (159K)
[2018.04.17-21.46.28:479][ 27]LogEditorViewport: Clicking on Actor (LMB): CineCameraActor (CineCameraActor1)
[2018.04.17-21.47.16:294][165]LogAnimationCompression: Building Anim DDC data for AnimSequence /Game/00Z/Animations/Idle.Idle
[2018.04.17-21.47.16:294][165]LogAnimationCompression: Recompressing (AnimSequence /Game/00Z/Animations/Idle.Idle) using current/default (AnimCompress_BitwiseCompressOnly_0) bFirstRecompressUsingCurrentOrDefault(1) bTryAlternateCompressor(0) IsCompressedDataValid(0)
[2018.04.17-21.47.25:887][449]LogEditorViewport: Clicking on Actor (LMB): CineCameraActor (CineCameraActor1)
[2018.04.17-21.48.11:682][606]LogEditorViewport: Clicking on Actor (LMB): SkeletalMeshActor (WayneMichaels_Rigged_PhysicsAsset)
[2018.04.17-21.48.13:477][654]LogEditorViewport: Clicking on Actor (LMB): SkeletalMeshActor (WayneMichaels_Rigged_PhysicsAsset)
[2018.04.17-21.48.14:243][677]LogEditorViewport: Clicking on Actor (LMB): SkeletalMeshActor (WayneMichaels_Rigged_PhysicsAsset)
[2018.04.17-21.48.14:839][695]Cmd: DELETE
[2018.04.17-21.48.14:839][695]Cmd: ACTOR DELETE
[2018.04.17-21.48.14:844][695]LogEditorActor: Deleted Actor: SkeletalMeshActor
[2018.04.17-21.48.14:886][695]LogEditorActor: Deleted 1 Actors (0.047 secs)
[2018.04.17-21.48.28:927][ 25]LogEditorViewport: Clicking on Actor (LMB): CineCameraActor (CineCameraActor1)
[2018.04.17-21.49.35:211][830]LogEditorViewport: Clicking on Actor (LMB): CineCameraActor (CineCameraActor1)
[2018.04.17-21.51.02:341][ 16]Cmd: OBJ SAVEPACKAGE PACKAGE="/Game/Maps/JakeTemp" FILE="E:/Machinima/00Z/Content/Maps/JakeTemp.umap" SILENT=true AUTOSAVING=false KEEPDIRTY=false
[2018.04.17-21.51.02:388][ 16]LogSavePackage: Save=30.74ms
[2018.04.17-21.51.02:388][ 16]LogSavePackage: Moving 'E:/Machinima/00Z/Saved/JakeTemp144434DC45588B3545E0B9A8FCE4DF49.tmp' to 'E:/Machinima/00Z/Content/Maps/JakeTemp.umap'
[2018.04.17-21.51.02:394][ 16]LogSavePackage: Display: Finished SavePackage E:/Machinima/00Z/Content/Maps/JakeTemp.umap
[2018.04.17-21.51.02:415][ 16]LogFileHelpers: Saving map 'JakeTemp' took 0.677
[2018.04.17-21.51.02:429][ 16]Cmd: OBJ SAVEPACKAGE PACKAGE="/Game/00Z/Sequences/ElevatorSeq1" FILE="E:/Machinima/00Z/Content/00Z/Sequences/ElevatorSeq1.uasset" SILENT=true
[2018.04.17-21.51.02:444][ 16]LogSavePackage: Save=9.93ms
[2018.04.17-21.51.02:444][ 16]LogSavePackage: Moving 'E:/Machinima/00Z/Saved/ElevatorSeq16441E2B2417CA7EFD752338BDF02786C.tmp' to 'E:/Machinima/00Z/Content/00Z/Sequences/ElevatorSeq1.uasset'
[2018.04.17-21.51.02:450][ 16]LogSavePackage: Display: Finished SavePackage E:/Machinima/00Z/Content/00Z/Sequences/ElevatorSeq1.uasset
[2018.04.17-21.53.03:740][592]Cmd: OBJ SAVEPACKAGE PACKAGE="/Game/Maps/JakeTemp" FILE="E:/Machinima/00Z/Content/Maps/JakeTemp.umap" SILENT=true AUTOSAVING=false KEEPDIRTY=false
[2018.04.17-21.53.04:375][592]LogSavePackage: Save=614.69ms
[2018.04.17-21.53.04:375][592]LogSavePackage: Moving 'E:/Machinima/00Z/Saved/JakeTempAE49BF9A45F2CB7C1FD00AAA0193BA2F.tmp' to 'E:/Machinima/00Z/Content/Maps/JakeTemp.umap'
[2018.04.17-21.53.04:387][592]LogSavePackage: Display: Finished SavePackage E:/Machinima/00Z/Content/Maps/JakeTemp.umap
[2018.04.17-21.53.04:416][592]LogFileHelpers: Saving map 'JakeTemp' took 1.195
[2018.04.17-21.58.58:509][388]LogEditorViewport: Clicking on Actor (LMB): SkeletalMeshActor (WayneMichaels_Rigged_Skeleton)
[2018.04.17-22.03.51:627][187]Cmd: OBJ SAVEPACKAGE PACKAGE="/Game/Maps/JakeTemp" FILE="E:/Machinima/00Z/Saved/Autosaves/Game/Maps/JakeTemp_Auto1.umap" SILENT=true AUTOSAVING=true KEEPDIRTY=false
[2018.04.17-22.03.51:708][187]LogSavePackage: Save=60.56ms
[2018.04.17-22.03.51:708][187]LogSavePackage: Moving 'E:/Machinima/00Z/Saved/JakeTemp_Auto105FD821348C4963EBDB6BB826A799015.tmp' to 'E:/Machinima/00Z/Saved/Autosaves/Game/Maps/JakeTemp_Auto1.umap'
[2018.04.17-22.03.51:712][187]LogSavePackage: Display: Finished SavePackage E:/Machinima/00Z/Saved/Autosaves/Game/Maps/JakeTemp_Auto1.umap
[2018.04.17-22.03.51:715][187]LogFileHelpers: Editor autosave (incl. sublevels) for '/Game/Maps/JakeTemp' took 0.127
[2018.04.17-22.03.51:715][187]LogFileHelpers: Editor autosave (incl. sublevels) for all levels took 0.127
[2018.04.17-22.03.51:737][187]OBJ SavePackage: Generating thumbnails for [0] asset(s) in package [/Game/00Z/Sequences/ElevatorSeq1] ([1] browsable assets)...
[2018.04.17-22.03.51:737][187]OBJ SavePackage: Finished generating thumbnails for package [/Game/00Z/Sequences/ElevatorSeq1]
[2018.04.17-22.03.51:737][187]Cmd: OBJ SAVEPACKAGE PACKAGE="/Game/00Z/Sequences/ElevatorSeq1" FILE="E:/Machinima/00Z/Saved/Autosaves/Game/00Z/Sequences/ElevatorSeq1_Auto1.uasset" SILENT=false AUTOSAVING=true
[2018.04.17-22.03.51:766][187]LogSavePackage: Save=17.52ms
[2018.04.17-22.03.51:766][187]LogSavePackage: Moving 'E:/Machinima/00Z/Saved/ElevatorSeq1_Auto10702FFEA42F89A545F9D309B8FE6A2A9.tmp' to 'E:/Machinima/00Z/Saved/Autosaves/Game/00Z/Sequences/ElevatorSeq1_Auto1.uasset'
[2018.04.17-22.03.51:769][187]LogSavePackage: Display: Finished SavePackage E:/Machinima/00Z/Saved/Autosaves/Game/00Z/Sequences/ElevatorSeq1_Auto1.uasset
[2018.04.17-22.03.51:769][187]LogFileHelpers: Auto-saving content packages took 0.033
[2018.04.17-22.05.47:517][160]LogEditorViewport: Clicking on Actor (LMB): CineCameraActor (CineCameraActor1)
[2018.04.17-22.06.04:036][545]Cmd: OBJ SAVEPACKAGE PACKAGE="/Game/Maps/JakeTemp" FILE="E:/Machinima/00Z/Content/Maps/JakeTemp.umap" SILENT=true AUTOSAVING=false KEEPDIRTY=false
[2018.04.17-22.06.04:183][545]LogSavePackage: Save=129.93ms
[2018.04.17-22.06.04:183][545]LogSavePackage: Moving 'E:/Machinima/00Z/Saved/JakeTemp0B07761B4E60F0C3D8D2D48CF0B33BE0.tmp' to 'E:/Machinima/00Z/Content/Maps/JakeTemp.umap'
[2018.04.17-22.06.04:192][545]LogSavePackage: Display: Finished SavePackage E:/Machinima/00Z/Content/Maps/JakeTemp.umap
[2018.04.17-22.06.04:213][545]LogFileHelpers: Saving map 'JakeTemp' took 0.787
[2018.04.17-22.06.04:242][545]Cmd: OBJ SAVEPACKAGE PACKAGE="/Game/00Z/Sequences/ElevatorSeq1" FILE="E:/Machinima/00Z/Content/00Z/Sequences/ElevatorSeq1.uasset" SILENT=true
[2018.04.17-22.06.04:262][545]LogSavePackage: Save=13.71ms
[2018.04.17-22.06.04:262][545]LogSavePackage: Moving 'E:/Machinima/00Z/Saved/ElevatorSeq15E041E994A5E77162DA672B5C292625C.tmp' to 'E:/Machinima/00Z/Content/00Z/Sequences/ElevatorSeq1.uasset'
[2018.04.17-22.06.04:269][545]LogSavePackage: Display: Finished SavePackage E:/Machinima/00Z/Content/00Z/Sequences/ElevatorSeq1.uasset
